<?xml version="1.0" encoding="UTF-8"?>
<!-- Generated by org.testng.reporters.JUnitReportReporter -->
<testsuite hostname="DESKTOP-N6RJFER" failures="0" tests="1" name="Test.ReadData" time="8.069" errors="0" timestamp="2024-09-30T20:50:47 IST" skipped="0">
  <testcase classname="Test.ReadData" name="tc001" time="8.069"/>
  <system-out/>
</testsuite> <!-- Test.ReadData -->
