<?xml version="1.0" encoding="UTF-8"?>
<!-- Generated by org.testng.reporters.JUnitReportReporter -->
<testsuite hostname="DESKTOP-N6RJFER" failures="0" tests="1" name="Test.NewTest002" time="0.301" errors="0" timestamp="2024-09-19T11:35:01 IST" skipped="0">
  <testcase classname="Test.NewTest002" name="executeFailedTests" time="0.301"/>
  <system-out/>
</testsuite> <!-- Test.NewTest002 -->
