<?xml version="1.0" encoding="UTF-8"?>
<!-- Generated by org.testng.reporters.JUnitReportReporter -->
<testsuite hostname="DESKTOP-N6RJFER" failures="0" tests="1" name="Test.NewTest002" time="0.216" errors="0" timestamp="2024-09-18T19:25:16 IST" skipped="0">
  <testcase classname="Test.NewTest002" name="executeFailedTests" time="0.216"/>
  <system-out/>
</testsuite> <!-- Test.NewTest002 -->
