<?xml version="1.0" encoding="UTF-8"?>
<!-- Generated by org.testng.reporters.JUnitReportReporter -->
<testsuite hostname="DESKTOP-N6RJFER" failures="0" tests="1" name="Test.NewTest001" time="0.005" errors="0" timestamp="2024-09-18T19:25:16 IST" skipped="0">
  <testcase classname="Test.NewTest001" name="testcase01" time="0.005"/>
  <system-out/>
</testsuite> <!-- Test.NewTest001 -->
